<?xml version="1.0" encoding="UTF-8"?>
<!-- Generated by org.testng.reporters.JUnitReportReporter -->
<testsuite skipped="0" hostname="MBP-Dmitriy.local" name="core.ExtentReportsTest" tests="2" failures="0" timestamp="2020-06-17T18:28:47 PDT" time="5.464" errors="0">
  <testcase name="SignUpTest" time="2.987" classname="core.ExtentReportsTest"/>
  <system-out/>
  <testcase name="ConfirmationTest" time="2.477" classname="core.ExtentReportsTest"/>
  <system-out/>
</testsuite> <!-- core.ExtentReportsTest -->
