<?xml version="1.0" encoding="UTF-8"?>
<!-- Generated by org.testng.reporters.JUnitReportReporter -->
<testsuite skipped="0" hostname="MBP-Dmitriy.local" name="core.AllureReportTest" tests="2" failures="0" timestamp="2020-06-11T12:53:46 PDT" time="1.602" errors="0">
  <testcase name="SignUpTest" time="0.740" classname="core.AllureReportTest"/>
  <system-out/>
  <testcase name="ConfirmationTest" time="0.862" classname="core.AllureReportTest"/>
  <system-out/>
</testsuite> <!-- core.AllureReportTest -->
