<?xml version="1.0" encoding="UTF-8"?>
<!-- Generated by org.testng.reporters.JUnitReportReporter -->
<testsuite skipped="0" hostname="MBP-Dmitriy.local" name="core.ExtentReportsTest" tests="2" failures="0" timestamp="2020-06-11T12:52:13 PDT" time="2.538" errors="0">
  <testcase name="SignUpTest" time="1.095" classname="core.ExtentReportsTest"/>
  <system-out/>
  <testcase name="ConfirmationTest" time="1.443" classname="core.ExtentReportsTest"/>
  <system-out/>
</testsuite> <!-- core.ExtentReportsTest -->
