<?xml version="1.0" encoding="UTF-8"?>
<!-- Generated by org.testng.reporters.JUnitReportReporter -->
<testsuite skipped="0" hostname="MBP-Dmitriy.local" name="core.AllureReportTest" tests="2" failures="0" timestamp="2020-06-17T18:53:09 PDT" time="2.704" errors="0">
  <testcase name="SignUpTest" time="1.326" classname="core.AllureReportTest"/>
  <system-out/>
  <testcase name="ConfirmationTest" time="1.378" classname="core.AllureReportTest"/>
  <system-out/>
</testsuite> <!-- core.AllureReportTest -->
